\BOOKMARK [1][-]{section.1}{Introduction}{}% 1
\BOOKMARK [1][-]{section.2}{Prerequisites}{}% 2
\BOOKMARK [1][-]{section.3}{Install}{}% 3
\BOOKMARK [2][-]{subsection.3.1}{Set\040up\040you\040board\040and\040install\040SDK}{section.3}% 4
\BOOKMARK [3][-]{subsubsection.3.1.1}{Connect\040the\040board}{subsection.3.1}% 5
\BOOKMARK [3][-]{subsubsection.3.1.2}{Install\040the\040Azure\040Sphere\040SDK\040Preview\040for\040Visual\040Studio}{subsection.3.1}% 6
\BOOKMARK [2][-]{subsection.3.2}{Update\040OS}{section.3}% 7
\BOOKMARK [3][-]{subsubsection.3.2.1}{Set\040up\040an\040account\040for\040Azure\040Sphere}{subsection.3.2}% 8
\BOOKMARK [2][-]{subsection.3.3}{Claim\040Device}{section.3}% 9
\BOOKMARK [2][-]{subsection.3.4}{Configure\040Wi-Fi}{section.3}% 10
\BOOKMARK [1][-]{section.4}{Simple\040Application}{}% 11
\BOOKMARK [2][-]{subsection.4.1}{Build\040the\040Blink\040sample\040application}{section.4}% 12
\BOOKMARK [3][-]{subsubsection.4.1.1}{Prepare\040your\040device\040for\040development\040and\040debugging}{subsection.4.1}% 13
\BOOKMARK [3][-]{subsubsection.4.1.2}{Build\040and\040run\040the\040Blink\040sample}{subsection.4.1}% 14
\BOOKMARK [2][-]{subsection.4.2}{Deploy\040an\040application\040over\040the\040air}{section.4}% 15
\BOOKMARK [3][-]{subsubsection.4.2.1}{Prepare\040your\040device\040for\040OTA\040deployment}{subsection.4.2}% 16
\BOOKMARK [3][-]{subsubsection.4.2.2}{Link\040the\040device\040to\040a\040feed}{subsection.4.2}% 17
\BOOKMARK [2][-]{subsection.4.3}{Update\040a\040deployment}{section.4}% 18
\BOOKMARK [1][-]{section.5}{Deploy\040Azure\040IoT\040with\040Azure\040Sphere}{}% 19
\BOOKMARK [2][-]{subsection.5.1}{Step\0401:\040Create\040an\040Azure\040IoT\040Hub\040and\040DPS}{section.5}% 20
\BOOKMARK [3][-]{subsubsection.5.1.1}{Create\040IoT\040Hub}{subsection.5.1}% 21
\BOOKMARK [3][-]{subsubsection.5.1.2}{Create\040IoT\040Hub\040Device\040Provisioning\040Service}{subsection.5.1}% 22
\BOOKMARK [3][-]{subsubsection.5.1.3}{Link\040the\040IoT\040Hub\040and\040Device\040Provisioning\040Service}{subsection.5.1}% 23
\BOOKMARK [3][-]{subsubsection.5.1.4}{Clean\040up\040resources}{subsection.5.1}% 24
\BOOKMARK [2][-]{subsection.5.2}{Step2:\040Download\040the\040tenant\040authentication}{section.5}% 25
\BOOKMARK [2][-]{subsection.5.3}{Step3:\040Upload\040the\040tenant\040CA\040certificate\040to\040DPS\040and\040generate\040a\040verification\040code}{section.5}% 26
\BOOKMARK [2][-]{subsection.5.4}{Step\0404:\040Verify\040the\040tenant\040CA\040certificate}{section.5}% 27
\BOOKMARK [2][-]{subsection.5.5}{Step\0405:\040Use\040the\040certification\040to\040add\040you\040device\040to\040and\040enrollment\040group}{section.5}% 28
\BOOKMARK [2][-]{subsection.5.6}{Azure\040Sphere\040IoT\040Hub\040Sample\040Application}{section.5}% 29
\BOOKMARK [3][-]{subsubsection.5.6.1}{Add\040the\040device\040to\040the\040IoT\040hub}{subsection.5.6}% 30
\BOOKMARK [3][-]{subsubsection.5.6.2}{Start\040the\040Sample}{subsection.5.6}% 31
\BOOKMARK [3][-]{subsubsection.5.6.3}{Send\040and\040receive\040messages}{subsection.5.6}% 32
\BOOKMARK [3][-]{subsubsection.5.6.4}{Call\040a\040direct\040method\040on\040the\040device}{subsection.5.6}% 33
\BOOKMARK [3][-]{subsubsection.5.6.5}{Manage\040a\040device\040twin}{subsection.5.6}% 34
\BOOKMARK [1][-]{section.6}{Azure\040Sphere\040Read\040AM2302}{}% 35
\BOOKMARK [2][-]{subsection.6.1}{Connect\040Azure\040Sphere\040to\040Arduino\040and\040AM2302}{section.6}% 36
\BOOKMARK [2][-]{subsection.6.2}{Clone\040the\040code\040from\040Github}{section.6}% 37
\BOOKMARK [2][-]{subsection.6.3}{Some\040Explanations\040about\040the\040project}{section.6}% 38
\BOOKMARK [3][-]{subsubsection.6.3.1}{Read\040Sensor\040Data\040in\040Arduino}{subsection.6.3}% 39
\BOOKMARK [3][-]{subsubsection.6.3.2}{Communicate\040through\040UART}{subsection.6.3}% 40
\BOOKMARK [2][-]{subsection.6.4}{Test\040the\040Output}{section.6}% 41
\BOOKMARK [1][-]{section.7}{Future\040Work}{}% 42
