  Azure Sphere Utility version 19.2.4.2632
  Copyright (C) Microsoft Corporation. All rights reserved.
   
  Start time (UTC): Tuesday, 26 February 2019 10:43:25 
  verbose: Creating image package. 
  verbose: Azure Sphere application image package written. 
  verbose: Appending metadata. 
  verbose: Wrote metadata:
    Section: Identity
      Image Type:           Application
      Component ID:         07031d26-d432-493e-abb5-cbae5fbdadf8
      Image ID:             682b42dc-05b6-4719-a3ac-a6de485a90d9
    Section: Signature
      Signing Type:         ECDsa256
      Cert:                 a8d5cc6958f48710140d7a26160fc1cfc31f5df0
    Section: Debug
      Image Name:           AzureArdruino
      Built On (UTC):       2019-02-26 10:43:26
      Built On (Local):     2019-02-26 11:43:26
    Section: Temporary Image
      Remove image at boot: False
      Under development:    True
    Section: ABI Depends
      Depends on:           ApplicationRuntime, version 1
   
  verbose: Packaging completed successfully. 
  verbose: Output file is at: C:\Users\A548068\Documents\AZure\AzureArdruino\AzureArdruino\bin\ARM\Debug\AzureArdruino.imagepackage 
  Command completed successfully in 00:00:00.7377897. 
